[     201ms] [ERROR] ./src/app/products/[slug]/client.tsx:785:6
Parsing ecmascript source code failed
  783 |         </div>
  784 |       </div>
> 785 |     </div>
      |      ^^^^^
  786 |   )
  787 | }
  788 |

Unterminated regexp literal

Import trace:
  Server Component:
    ./src/app/products/[slug]/client.tsx
    ./src/app/products/[slug]/page.tsx @ http://localhost:3000/_next/static/chunks/node_modules_next_dist_f3530cac._.js:3127
[     230ms] [ERROR] Failed to load resource: the server responded with a status of 500 (Internal Server Error) @ http://localhost:3000/products/hand-embroidered-kids-name-sweater:0
[     513ms] Error: ./src/app/products/[slug]/client.tsx:785:6
Parsing ecmascript source code failed
  783 |         </div>
  784 |       </div>
> 785 |     </div>
      |      ^^^^^
  786 |   )
  787 | }
  788 |

Unterminated regexp literal

Import trace:
  Server Component:
    ./src/app/products/[slug]/client.tsx
    ./src/app/products/[slug]/page.tsx


    at <unknown> (Error: ./src/app/products/[slug]/client.tsx:785:6)
    at Object.getCompilationErrors (file://D:\code play ground\Projects\hassan-crochet\hassan-crochet\node_modules\next\dist\server\dev\hot-reloader-turbopack.js:1008:59)
    at DevBundlerService.getCompilationError (file://D:\code play ground\Projects\hassan-crochet\hassan-crochet\node_modules\next\dist\server\lib\dev-bundler-service.js:44:55)
    at DevServer.getCompilationError (file://D:\code play ground\Projects\hassan-crochet\hassan-crochet\node_modules\next\dist\server\dev\next-dev-server.js:706:42)
    at DevServer.findPageComponents (file://D:\code play ground\Projects\hassan-crochet\hassan-crochet\node_modules\next\dist\server\dev\next-dev-server.js:676:43)
    at async DevServer.renderErrorToResponseImpl (file://D:\code play ground\Projects\hassan-crochet\hassan-crochet\node_modules\next\dist\server\base-server.js:1733:26)
[     534ms] [ERROR] ./src/app/products/[slug]/client.tsx:785:6
Parsing ecmascript source code failed
  783 |         </div>
  784 |       </div>
> 785 |     </div>
      |      ^^^^^
  786 |   )
  787 | }
  788 |

Unterminated regexp literal

Import trace:
  Server Component:
    ./src/app/products/[slug]/client.tsx
    ./src/app/products/[slug]/page.tsx @ http://localhost:3000/_next/static/chunks/node_modules_next_dist_b3fb3b5f._.js:1920
[     681ms] [ERROR] ./src/app/products/[slug]/client.tsx:785:6
Parsing ecmascript source code failed
  783 |         </div>
  784 |       </div>
> 785 |     </div>
      |      ^^^^^
  786 |   )
  787 | }
  788 |

Unterminated regexp literal

Import trace:
  Server Component:
    ./src/app/products/[slug]/client.tsx
    ./src/app/products/[slug]/page.tsx @ http://localhost:3000/_next/static/chunks/node_modules_next_dist_b3fb3b5f._.js:1920
[    4214ms] [ERROR] ./src/app/products/[slug]/client.tsx:785:6
Parsing ecmascript source code failed
  783 |         </div>
  784 |       </div>
> 785 |     </div>
      |      ^^^^^
  786 |   )
  787 | }
  788 |

Unterminated regexp literal

Import trace:
  Server Component:
    ./src/app/products/[slug]/client.tsx
    ./src/app/products/[slug]/page.tsx @ http://localhost:3000/_next/static/chunks/node_modules_next_dist_b3fb3b5f._.js:1920
[   31641ms] [ERROR] ./src/app/products/[slug]/client.tsx:785:6
Parsing ecmascript source code failed
  783 |       </div>
  784 |       </div>
> 785 |     </div>
      |      ^^^^^
  786 |   )
  787 | }
  788 |

Unterminated regexp literal

Import trace:
  Server Component:
    ./src/app/products/[slug]/client.tsx
    ./src/app/products/[slug]/page.tsx @ http://localhost:3000/_next/static/chunks/node_modules_next_dist_b3fb3b5f._.js:1920
