[     119ms] [ERROR] ./src/app/products/[slug]/client.tsx:785:6
Parsing ecmascript source code failed
  783 |       </div>
  784 |       </div>
> 785 |     </div>
      |      ^^^^^
  786 |   )
  787 | }
  788 |

Unterminated regexp literal

Import trace:
  Server Component:
    ./src/app/products/[slug]/client.tsx
    ./src/app/products/[slug]/page.tsx @ http://localhost:3000/_next/static/chunks/node_modules_next_dist_b3fb3b5f._.js:1920
[     143ms] [ERROR] Failed to load resource: the server responded with a status of 500 (Internal Server Error) @ http://localhost:3000/products/hand-embroidered-kids-name-sweater:0
[     293ms] Error: ./src/app/products/[slug]/client.tsx:785:6
Parsing ecmascript source code failed
  783 |       </div>
  784 |       </div>
> 785 |     </div>
      |      ^^^^^
  786 |   )
  787 | }
  788 |

Unterminated regexp literal

Import trace:
  Server Component:
    ./src/app/products/[slug]/client.tsx
    ./src/app/products/[slug]/page.tsx


    at <unknown> (Error: ./src/app/products/[slug]/client.tsx:785:6)
    at Object.getCompilationErrors (file://D:\code play ground\Projects\hassan-crochet\hassan-crochet\node_modules\next\dist\server\dev\hot-reloader-turbopack.js:1008:59)
    at DevBundlerService.getCompilationError (file://D:\code play ground\Projects\hassan-crochet\hassan-crochet\node_modules\next\dist\server\lib\dev-bundler-service.js:44:55)
    at DevServer.getCompilationError (file://D:\code play ground\Projects\hassan-crochet\hassan-crochet\node_modules\next\dist\server\dev\next-dev-server.js:706:42)
    at DevServer.findPageComponents (file://D:\code play ground\Projects\hassan-crochet\hassan-crochet\node_modules\next\dist\server\dev\next-dev-server.js:676:43)
    at async DevServer.renderErrorToResponseImpl (file://D:\code play ground\Projects\hassan-crochet\hassan-crochet\node_modules\next\dist\server\base-server.js:1733:26)
[     311ms] [ERROR] ./src/app/products/[slug]/client.tsx:785:6
Parsing ecmascript source code failed
  783 |       </div>
  784 |       </div>
> 785 |     </div>
      |      ^^^^^
  786 |   )
  787 | }
  788 |

Unterminated regexp literal

Import trace:
  Server Component:
    ./src/app/products/[slug]/client.tsx
    ./src/app/products/[slug]/page.tsx @ http://localhost:3000/_next/static/chunks/node_modules_next_dist_b3fb3b5f._.js:1920
[     369ms] [ERROR] ./src/app/products/[slug]/client.tsx:785:6
Parsing ecmascript source code failed
  783 |       </div>
  784 |       </div>
> 785 |     </div>
      |      ^^^^^
  786 |   )
  787 | }
  788 |

Unterminated regexp literal

Import trace:
  Server Component:
    ./src/app/products/[slug]/client.tsx
    ./src/app/products/[slug]/page.tsx @ http://localhost:3000/_next/static/chunks/node_modules_next_dist_b3fb3b5f._.js:1920
[    1612ms] [ERROR] ./src/app/products/[slug]/client.tsx:785:6
Parsing ecmascript source code failed
  783 |       </div>
  784 |       </div>
> 785 |     </div>
      |      ^^^^^
  786 |   )
  787 | }
  788 |

Unterminated regexp literal

Import trace:
  Server Component:
    ./src/app/products/[slug]/client.tsx
    ./src/app/products/[slug]/page.tsx @ http://localhost:3000/_next/static/chunks/node_modules_next_dist_b3fb3b5f._.js:1920
[   42623ms] [ERROR] ./src/app/products/[slug]/client.tsx:785:6
Parsing ecmascript source code failed
  783 |       </div>
  784 |       </div>
> 785 |     </div>
      |      ^^^^^
  786 |   )
  787 | }
  788 |

Unterminated regexp literal

Import trace:
  Server Component:
    ./src/app/products/[slug]/client.tsx
    ./src/app/products/[slug]/page.tsx @ http://localhost:3000/_next/static/chunks/node_modules_next_dist_b3fb3b5f._.js:1920
[   42804ms] [WARNING] [Fast Refresh] performing full reload because your application had an unrecoverable error @ http://localhost:3000/_next/static/chunks/node_modules_next_dist_b3fb3b5f._.js:1206
[   46499ms] Error: Hydration failed because the server rendered text didn't match the client. As a result this tree will be regenerated on the client. This can happen if a SSR-ed Client Component used:

- A server/client branch `if (typeof window !== 'undefined')`.
- Variable input such as `Date.now()` or `Math.random()` which changes each time it's called.
- Date formatting in a user's locale which doesn't match the server.
- External changing data without sending a snapshot of it along with the HTML.
- Invalid HTML tag nesting.

It can also happen if the client has a browser extension installed which messes with the HTML before React loaded.

https://react.dev/link/hydration-mismatch

  ...
    <RedirectErrorBoundary router={{...}}>
      <InnerLayoutRouter url="/products/..." tree={[...]} params={{slug:"hand..."}} cacheNode={{rsc:<Fragment>, ...}} ...>
        <SegmentViewNode type="page" pagePath="products/[...">
          <SegmentTrieNode>
          <ProductPage>
            <ProductClient product={{_id:"57cb9...", ...}}>
              <div className="bg-gradien..." style={{height:"ca..."}}>
                <div className="flex-1 ove...">
                  <div className="mx-auto px...">
                    <nav>
                    <div>
                    <div>
                    <Card className="mt-12 shad...">
                      <div data-slot="card" className="bg-card te...">
                        <CardHeader>
                        <CardContent>
                          <div data-slot="card-content" className="px-6">
                            <div className="text-cente...">
                              <div>
                              <p>
                              <p className="text-sm te...">
+                               18
-                               51
                                ...
        ...
      ...

    at throwOnHydrationMismatch (http://localhost:3000/_next/static/chunks/node_modules_next_dist_compiled_react-dom_1e674e59._.js:3348:56)
    at completeWork (http://localhost:3000/_next/static/chunks/node_modules_next_dist_compiled_react-dom_1e674e59._.js:7032:36)
    at runWithFiberInDEV (http://localhost:3000/_next/static/chunks/node_modules_next_dist_compiled_react-dom_1e674e59._.js:965:74)
    at completeUnitOfWork (http://localhost:3000/_next/static/chunks/node_modules_next_dist_compiled_react-dom_1e674e59._.js:9627:23)
    at performUnitOfWork (http://localhost:3000/_next/static/chunks/node_modules_next_dist_compiled_react-dom_1e674e59._.js:9564:28)
    at workLoopConcurrentByScheduler (http://localhost:3000/_next/static/chunks/node_modules_next_dist_compiled_react-dom_1e674e59._.js:9558:58)
    at renderRootConcurrent (http://localhost:3000/_next/static/chunks/node_modules_next_dist_compiled_react-dom_1e674e59._.js:9541:71)
    at performWorkOnRoot (http://localhost:3000/_next/static/chunks/node_modules_next_dist_compiled_react-dom_1e674e59._.js:9068:150)
    at performWorkOnRootViaSchedulerTask (http://localhost:3000/_next/static/chunks/node_modules_next_dist_compiled_react-dom_1e674e59._.js:10230:9)
    at MessagePort.performWorkUntilDeadline (http://localhost:3000/_next/static/chunks/node_modules_next_dist_compiled_a0e4c7b4._.js:2647:64)
